c:\users\mytov\onedrive\pulpit\projekty\po\projekt\p1c\p1c\x64\debug\vc143.pdb
c:\users\mytov\onedrive\pulpit\projekty\po\projekt\p1c\p1c\x64\debug\vc143.idb
c:\users\mytov\onedrive\pulpit\projekty\po\projekt\p1c\p1c\x64\debug\p1c.obj
c:\users\mytov\onedrive\pulpit\projekty\po\projekt\p1c\p1c\x64\debug\animal.obj
c:\users\mytov\onedrive\pulpit\projekty\po\projekt\p1c\p1c\x64\debug\fox.obj
c:\users\mytov\onedrive\pulpit\projekty\po\projekt\p1c\p1c\x64\debug\wolf.obj
c:\users\mytov\onedrive\pulpit\projekty\po\projekt\p1c\p1c\x64\debug\organism.obj
c:\users\mytov\onedrive\pulpit\projekty\po\projekt\p1c\p1c\x64\debug\plant.obj
c:\users\mytov\onedrive\pulpit\projekty\po\projekt\p1c\p1c\x64\debug\grass.obj
c:\users\mytov\onedrive\pulpit\projekty\po\projekt\p1c\p1c\x64\debug\turtle.obj
c:\users\mytov\onedrive\pulpit\projekty\po\projekt\p1c\p1c\x64\debug\sosnowskyhogweed.obj
c:\users\mytov\onedrive\pulpit\projekty\po\projekt\p1c\p1c\x64\debug\sheep.obj
c:\users\mytov\onedrive\pulpit\projekty\po\projekt\p1c\p1c\x64\debug\milt.obj
c:\users\mytov\onedrive\pulpit\projekty\po\projekt\p1c\p1c\x64\debug\human.obj
c:\users\mytov\onedrive\pulpit\projekty\po\projekt\p1c\p1c\x64\debug\guarana.obj
c:\users\mytov\onedrive\pulpit\projekty\po\projekt\p1c\p1c\x64\debug\belladonna.obj
c:\users\mytov\onedrive\pulpit\projekty\po\projekt\p1c\p1c\x64\debug\antelope.obj
c:\users\mytov\onedrive\pulpit\projekty\po\projekt\p1c\p1c\x64\debug\world.obj
c:\users\mytov\onedrive\pulpit\projekty\po\projekt\p1c\p1c\x64\debug\cell.obj
c:\users\mytov\onedrive\pulpit\projekty\po\projekt\p1c\p1c\x64\debug\hogweed.obj
c:\users\mytov\onedrive\pulpit\projekty\po\projekt\p1c\p1c\x64\debug\collisionresult.obj
c:\users\mytov\onedrive\pulpit\projekty\po\projekt\p1c\x64\debug\p1c.exe
c:\users\mytov\onedrive\pulpit\projekty\po\projekt\p1c\p1c\x64\debug\p1c.ilk
c:\users\mytov\onedrive\pulpit\projekty\po\projekt\p1c\x64\debug\p1c.pdb
c:\users\mytov\onedrive\pulpit\projekty\po\projekt\p1c\p1c\x64\debug\p1c.tlog\cl.command.1.tlog
c:\users\mytov\onedrive\pulpit\projekty\po\projekt\p1c\p1c\x64\debug\p1c.tlog\cl.read.1.tlog
c:\users\mytov\onedrive\pulpit\projekty\po\projekt\p1c\p1c\x64\debug\p1c.tlog\cl.write.1.tlog
c:\users\mytov\onedrive\pulpit\projekty\po\projekt\p1c\p1c\x64\debug\p1c.tlog\link.command.1.tlog
c:\users\mytov\onedrive\pulpit\projekty\po\projekt\p1c\p1c\x64\debug\p1c.tlog\link.read.1.tlog
c:\users\mytov\onedrive\pulpit\projekty\po\projekt\p1c\p1c\x64\debug\p1c.tlog\link.write.1.tlog
